# JRE version: Java(TM) SE Runtime Environment (8.0_91-b15) (build 1.8.0_91-b15)
# Java VM: Java HotSpot(TM) 64-Bit Server VM (25.91-b15 mixed mode windows-amd64 compressed oops)
Heap:
 PSYoungGen      total 723968K, used 176129K [0x000000076ab00000, 0x00000007aab00000, 0x00000007c0000000)
  eden space 509440K, 0% used [0x000000076ab00000,0x000000076ab00000,0x0000000789c80000)
  from space 214528K, 82% used [0x0000000789c80000,0x00000007948807c0,0x0000000796e00000)
  to   space 236544K, 0% used [0x000000079c400000,0x000000079c400000,0x00000007aab00000)
 ParOldGen       total 662016K, used 564913K [0x00000006c0000000, 0x00000006e8680000, 0x000000076ab00000)
  object space 662016K, 85% used [0x00000006c0000000,0x00000006e27ac750,0x00000006e8680000)
 Metaspace       used 6806K, capacity 7384K, committed 7680K, reserved 1056768K
  class space    used 635K, capacity 656K, committed 768K, reserved 1048576K
GC Heap History (10 events):
Event: 35.140 GC heap after
Heap after GC invocations=21 (full 3):
 PSYoungGen      total 649728K, used 72009K [0x000000076ab00000, 0x000000079bc80000, 0x00000007c0000000)
  eden space 496128K, 0% used [0x000000076ab00000,0x000000076ab00000,0x0000000788f80000)
  from space 153600K, 46% used [0x0000000792680000,0x0000000796cd2638,0x000000079bc80000)
  to   space 154112K, 0% used [0x0000000788f80000,0x0000000788f80000,0x0000000792600000)
 ParOldGen       total 429568K, used 429515K [0x00000006c0000000, 0x00000006da380000, 0x000000076ab00000)
  object space 429568K, 99% used [0x00000006c0000000,0x00000006da372e10,0x00000006da380000)
 Metaspace       used 6685K, capacity 7320K, committed 7680K, reserved 1056768K
  class space    used 628K, capacity 656K, committed 768K, reserved 1048576K
}
Event: 35.140 GC heap before
{Heap before GC invocations=22 (full 4):
 PSYoungGen      total 649728K, used 72009K [0x000000076ab00000, 0x000000079bc80000, 0x00000007c0000000)
  eden space 496128K, 0% used [0x000000076ab00000,0x000000076ab00000,0x0000000788f80000)
  from space 153600K, 46% used [0x0000000792680000,0x0000000796cd2638,0x000000079bc80000)
  to   space 154112K, 0% used [0x0000000788f80000,0x0000000788f80000,0x0000000792600000)
 ParOldGen       total 429568K, used 429515K [0x00000006c0000000, 0x00000006da380000, 0x000000076ab00000)
  object space 429568K, 99% used [0x00000006c0000000,0x00000006da372e10,0x00000006da380000)
 Metaspace       used 6685K, capacity 7320K, committed 7680K, reserved 1056768K
  class space    used 628K, capacity 656K, committed 768K, reserved 1048576K
Event: 38.978 GC heap after
Heap after GC invocations=22 (full 4):
 PSYoungGen      total 649728K, used 55468K [0x000000076ab00000, 0x000000079bc80000, 0x00000007c0000000)
  eden space 496128K, 0% used [0x000000076ab00000,0x000000076ab00000,0x0000000788f80000)
  from space 153600K, 36% used [0x0000000792680000,0x0000000795cab1a8,0x000000079bc80000)
  to   space 154112K, 0% used [0x0000000788f80000,0x0000000788f80000,0x0000000792600000)
 ParOldGen       total 662016K, used 429114K [0x00000006c0000000, 0x00000006e8680000, 0x000000076ab00000)
  object space 662016K, 64% used [0x00000006c0000000,0x00000006da30ead8,0x00000006e8680000)
 Metaspace       used 6685K, capacity 7320K, committed 7680K, reserved 1056768K
  class space    used 628K, capacity 656K, committed 768K, reserved 1048576K
}
Event: 40.714 GC heap before
{Heap before GC invocations=23 (full 4):
 PSYoungGen      total 649728K, used 551596K [0x000000076ab00000, 0x000000079bc80000, 0x00000007c0000000)
  eden space 496128K, 100% used [0x000000076ab00000,0x0000000788f80000,0x0000000788f80000)
  from space 153600K, 36% used [0x0000000792680000,0x0000000795cab1a8,0x000000079bc80000)
  to   space 154112K, 0% used [0x0000000788f80000,0x0000000788f80000,0x0000000792600000)
 ParOldGen       total 662016K, used 429114K [0x00000006c0000000, 0x00000006e8680000, 0x000000076ab00000)
  object space 662016K, 64% used [0x00000006c0000000,0x00000006da30ead8,0x00000006e8680000)
 Metaspace       used 6688K, capacity 7320K, committed 7680K, reserved 1056768K
  class space    used 628K, capacity 656K, committed 768K, reserved 1048576K
Event: 41.000 GC heap after
Heap after GC invocations=23 (full 4):
 PSYoungGen      total 650240K, used 132349K [0x000000076ab00000, 0x00000007a1600000, 0x00000007c0000000)
  eden space 496128K, 0% used [0x000000076ab00000,0x000000076ab00000,0x0000000788f80000)
  from space 154112K, 85% used [0x0000000788f80000,0x00000007910bf4f8,0x0000000792600000)
  to   space 172032K, 0% used [0x0000000796e00000,0x0000000796e00000,0x00000007a1600000)
 ParOldGen       total 662016K, used 429114K [0x00000006c0000000, 0x00000006e8680000, 0x000000076ab00000)
  object space 662016K, 64% used [0x00000006c0000000,0x00000006da30ead8,0x00000006e8680000)
 Metaspace       used 6688K, capacity 7320K, committed 7680K, reserved 1056768K
  class space    used 628K, capacity 656K, committed 768K, reserved 1048576K
}
Event: 41.994 GC heap before
{Heap before GC invocations=24 (full 4):
 PSYoungGen      total 650240K, used 628477K [0x000000076ab00000, 0x00000007a1600000, 0x00000007c0000000)
  eden space 496128K, 100% used [0x000000076ab00000,0x0000000788f80000,0x0000000788f80000)
  from space 154112K, 85% used [0x0000000788f80000,0x00000007910bf4f8,0x0000000792600000)
  to   space 172032K, 0% used [0x0000000796e00000,0x0000000796e00000,0x00000007a1600000)
 ParOldGen       total 662016K, used 429114K [0x00000006c0000000, 0x00000006e8680000, 0x000000076ab00000)
  object space 662016K, 64% used [0x00000006c0000000,0x00000006da30ead8,0x00000006e8680000)
 Metaspace       used 6698K, capacity 7320K, committed 7680K, reserved 1056768K
  class space    used 629K, capacity 656K, committed 768K, reserved 1048576K
Event: 42.290 GC heap after
Heap after GC invocations=24 (full 4):
 PSYoungGen      total 681472K, used 172005K [0x000000076ab00000, 0x00000007a7380000, 0x00000007c0000000)
  eden space 509440K, 0% used [0x000000076ab00000,0x000000076ab00000,0x0000000789c80000)
  from space 172032K, 99% used [0x0000000796e00000,0x00000007a15f9600,0x00000007a1600000)
  to   space 214528K, 0% used [0x0000000789c80000,0x0000000789c80000,0x0000000796e00000)
 ParOldGen       total 662016K, used 465172K [0x00000006c0000000, 0x00000006e8680000, 0x000000076ab00000)
  object space 662016K, 70% used [0x00000006c0000000,0x00000006dc645050,0x00000006e8680000)
 Metaspace       used 6698K, capacity 7320K, committed 7680K, reserved 1056768K
  class space    used 629K, capacity 656K, committed 768K, reserved 1048576K
}
Event: 45.736 GC heap before
{Heap before GC invocations=25 (full 4):
 PSYoungGen      total 681472K, used 681445K [0x000000076ab00000, 0x00000007a7380000, 0x00000007c0000000)
  eden space 509440K, 100% used [0x000000076ab00000,0x0000000789c80000,0x0000000789c80000)
  from space 172032K, 99% used [0x0000000796e00000,0x00000007a15f9600,0x00000007a1600000)
  to   space 214528K, 0% used [0x0000000789c80000,0x0000000789c80000,0x0000000796e00000)
 ParOldGen       total 662016K, used 465172K [0x00000006c0000000, 0x00000006e8680000, 0x000000076ab00000)
  object space 662016K, 70% used [0x00000006c0000000,0x00000006dc645050,0x00000006e8680000)
 Metaspace       used 6806K, capacity 7384K, committed 7680K, reserved 1056768K
  class space    used 635K, capacity 656K, committed 768K, reserved 1048576K
Event: 46.181 GC heap after
Heap after GC invocations=25 (full 4):
 PSYoungGen      total 723968K, used 176129K [0x000000076ab00000, 0x00000007aab00000, 0x00000007c0000000)
  eden space 509440K, 0% used [0x000000076ab00000,0x000000076ab00000,0x0000000789c80000)
  from space 214528K, 82% used [0x0000000789c80000,0x00000007948807c0,0x0000000796e00000)
  to   space 236544K, 0% used [0x000000079c400000,0x000000079c400000,0x00000007aab00000)
 ParOldGen       total 662016K, used 564913K [0x00000006c0000000, 0x00000006e8680000, 0x000000076ab00000)
  object space 662016K, 85% used [0x00000006c0000000,0x00000006e27ac750,0x00000006e8680000)
 Metaspace       used 6806K, capacity 7384K, committed 7680K, reserved 1056768K
  class space    used 635K, capacity 656K, committed 768K, reserved 1048576K
}
Event: 46.181 GC heap before
{Heap before GC invocations=26 (full 5):
 PSYoungGen      total 723968K, used 176129K [0x000000076ab00000, 0x00000007aab00000, 0x00000007c0000000)
  eden space 509440K, 0% used [0x000000076ab00000,0x000000076ab00000,0x0000000789c80000)
  from space 214528K, 82% used [0x0000000789c80000,0x00000007948807c0,0x0000000796e00000)
  to   space 236544K, 0% used [0x000000079c400000,0x000000079c400000,0x00000007aab00000)
 ParOldGen       total 662016K, used 564913K [0x00000006c0000000, 0x00000006e8680000, 0x000000076ab00000)
  object space 662016K, 85% used [0x00000006c0000000,0x00000006e27ac750,0x00000006e8680000)
 Metaspace       used 6806K, capacity 7384K, committed 7680K, reserved 1056768K
  class space    used 635K, capacity 656K, committed 768K, reserved 1048576K

